0 info it worked if it ends with ok
1 verbose cli [ 'node', '/usr/local/bin/npm', 'install' ]
2 info using npm@1.4.28
3 info using node@v0.10.36
4 warn package.json munchtech.tv@1.0.0 No repository field.
5 warn package.json munchtech.tv@1.0.0 No README data
6 verbose readDependencies using package.json deps
7 verbose install where, deps [ '/Volumes/Gravity/Users/Aaron/Desktop/MunchTech.tv',
7 verbose install   [ 'gulp',
7 verbose install     'gulp-sass',
7 verbose install     'gulp-concat',
7 verbose install     'gulp-minify-css',
7 verbose install     'gulp-rename',
7 verbose install     'bower',
7 verbose install     'gulp-util',
7 verbose install     'shelljs' ] ]
8 info preinstall munchtech.tv@1.0.0
9 verbose readDependencies using package.json deps
10 verbose cache add [ 'gulp@^3.5.6', null ]
11 verbose cache add name=undefined spec="gulp@^3.5.6" args=["gulp@^3.5.6",null]
12 verbose parsed url { protocol: null,
12 verbose parsed url   slashes: null,
12 verbose parsed url   auth: null,
12 verbose parsed url   host: null,
12 verbose parsed url   port: null,
12 verbose parsed url   hostname: null,
12 verbose parsed url   hash: null,
12 verbose parsed url   search: null,
12 verbose parsed url   query: null,
12 verbose parsed url   pathname: 'gulp@^3.5.6',
12 verbose parsed url   path: 'gulp@^3.5.6',
12 verbose parsed url   href: 'gulp@^3.5.6' }
13 verbose cache add [ 'gulp-sass@^1.3.3', null ]
14 verbose cache add name=undefined spec="gulp-sass@^1.3.3" args=["gulp-sass@^1.3.3",null]
15 verbose parsed url { protocol: null,
15 verbose parsed url   slashes: null,
15 verbose parsed url   auth: null,
15 verbose parsed url   host: null,
15 verbose parsed url   port: null,
15 verbose parsed url   hostname: null,
15 verbose parsed url   hash: null,
15 verbose parsed url   search: null,
15 verbose parsed url   query: null,
15 verbose parsed url   pathname: 'gulp-sass@^1.3.3',
15 verbose parsed url   path: 'gulp-sass@^1.3.3',
15 verbose parsed url   href: 'gulp-sass@^1.3.3' }
16 verbose cache add name="gulp" spec="^3.5.6" args=["gulp","^3.5.6"]
17 verbose parsed url { protocol: null,
17 verbose parsed url   slashes: null,
17 verbose parsed url   auth: null,
17 verbose parsed url   host: null,
17 verbose parsed url   port: null,
17 verbose parsed url   hostname: null,
17 verbose parsed url   hash: null,
17 verbose parsed url   search: null,
17 verbose parsed url   query: null,
17 verbose parsed url   pathname: '^3.5.6',
17 verbose parsed url   path: '^3.5.6',
17 verbose parsed url   href: '^3.5.6' }
18 verbose addNamed [ 'gulp', '^3.5.6' ]
19 verbose addNamed [ null, '>=3.5.6-0 <4.0.0-0' ]
20 verbose cache add [ 'gulp-concat@^2.2.0', null ]
21 verbose cache add name=undefined spec="gulp-concat@^2.2.0" args=["gulp-concat@^2.2.0",null]
22 verbose parsed url { protocol: null,
22 verbose parsed url   slashes: null,
22 verbose parsed url   auth: null,
22 verbose parsed url   host: null,
22 verbose parsed url   port: null,
22 verbose parsed url   hostname: null,
22 verbose parsed url   hash: null,
22 verbose parsed url   search: null,
22 verbose parsed url   query: null,
22 verbose parsed url   pathname: 'gulp-concat@^2.2.0',
22 verbose parsed url   path: 'gulp-concat@^2.2.0',
22 verbose parsed url   href: 'gulp-concat@^2.2.0' }
23 verbose cache add [ 'gulp-minify-css@^0.3.0', null ]
24 verbose cache add name=undefined spec="gulp-minify-css@^0.3.0" args=["gulp-minify-css@^0.3.0",null]
25 verbose parsed url { protocol: null,
25 verbose parsed url   slashes: null,
25 verbose parsed url   auth: null,
25 verbose parsed url   host: null,
25 verbose parsed url   port: null,
25 verbose parsed url   hostname: null,
25 verbose parsed url   hash: null,
25 verbose parsed url   search: null,
25 verbose parsed url   query: null,
25 verbose parsed url   pathname: 'gulp-minify-css@^0.3.0',
25 verbose parsed url   path: 'gulp-minify-css@^0.3.0',
25 verbose parsed url   href: 'gulp-minify-css@^0.3.0' }
26 verbose cache add [ 'gulp-rename@^1.2.0', null ]
27 verbose cache add name=undefined spec="gulp-rename@^1.2.0" args=["gulp-rename@^1.2.0",null]
28 verbose parsed url { protocol: null,
28 verbose parsed url   slashes: null,
28 verbose parsed url   auth: null,
28 verbose parsed url   host: null,
28 verbose parsed url   port: null,
28 verbose parsed url   hostname: null,
28 verbose parsed url   hash: null,
28 verbose parsed url   search: null,
28 verbose parsed url   query: null,
28 verbose parsed url   pathname: 'gulp-rename@^1.2.0',
28 verbose parsed url   path: 'gulp-rename@^1.2.0',
28 verbose parsed url   href: 'gulp-rename@^1.2.0' }
29 verbose cache add name="gulp-sass" spec="^1.3.3" args=["gulp-sass","^1.3.3"]
30 verbose parsed url { protocol: null,
30 verbose parsed url   slashes: null,
30 verbose parsed url   auth: null,
30 verbose parsed url   host: null,
30 verbose parsed url   port: null,
30 verbose parsed url   hostname: null,
30 verbose parsed url   hash: null,
30 verbose parsed url   search: null,
30 verbose parsed url   query: null,
30 verbose parsed url   pathname: '^1.3.3',
30 verbose parsed url   path: '^1.3.3',
30 verbose parsed url   href: '^1.3.3' }
31 verbose addNamed [ 'gulp-sass', '^1.3.3' ]
32 verbose addNamed [ null, '>=1.3.3-0 <2.0.0-0' ]
33 silly lockFile 28ac0b1b-gulp-3-5-6 gulp@^3.5.6
34 verbose lock gulp@^3.5.6 /Volumes/Gravity/Users/Aaron/.npm/28ac0b1b-gulp-3-5-6.lock
35 silly lockFile c5cae820-gulp-sass-1-3-3 gulp-sass@^1.3.3
36 verbose lock gulp-sass@^1.3.3 /Volumes/Gravity/Users/Aaron/.npm/c5cae820-gulp-sass-1-3-3.lock
37 verbose cache add name="gulp-concat" spec="^2.2.0" args=["gulp-concat","^2.2.0"]
38 verbose parsed url { protocol: null,
38 verbose parsed url   slashes: null,
38 verbose parsed url   auth: null,
38 verbose parsed url   host: null,
38 verbose parsed url   port: null,
38 verbose parsed url   hostname: null,
38 verbose parsed url   hash: null,
38 verbose parsed url   search: null,
38 verbose parsed url   query: null,
38 verbose parsed url   pathname: '^2.2.0',
38 verbose parsed url   path: '^2.2.0',
38 verbose parsed url   href: '^2.2.0' }
39 verbose addNamed [ 'gulp-concat', '^2.2.0' ]
40 verbose addNamed [ null, '>=2.2.0-0 <3.0.0-0' ]
41 silly lockFile bade1119-gulp-concat-2-2-0 gulp-concat@^2.2.0
42 verbose lock gulp-concat@^2.2.0 /Volumes/Gravity/Users/Aaron/.npm/bade1119-gulp-concat-2-2-0.lock
43 verbose cache add name="gulp-minify-css" spec="^0.3.0" args=["gulp-minify-css","^0.3.0"]
44 verbose parsed url { protocol: null,
44 verbose parsed url   slashes: null,
44 verbose parsed url   auth: null,
44 verbose parsed url   host: null,
44 verbose parsed url   port: null,
44 verbose parsed url   hostname: null,
44 verbose parsed url   hash: null,
44 verbose parsed url   search: null,
44 verbose parsed url   query: null,
44 verbose parsed url   pathname: '^0.3.0',
44 verbose parsed url   path: '^0.3.0',
44 verbose parsed url   href: '^0.3.0' }
45 verbose addNamed [ 'gulp-minify-css', '^0.3.0' ]
46 verbose addNamed [ null, '>=0.3.0-0 <0.4.0-0' ]
47 silly lockFile 97140670-gulp-minify-css-0-3-0 gulp-minify-css@^0.3.0
48 verbose lock gulp-minify-css@^0.3.0 /Volumes/Gravity/Users/Aaron/.npm/97140670-gulp-minify-css-0-3-0.lock
49 verbose cache add [ 'bower@^1.3.3', null ]
50 verbose cache add name=undefined spec="bower@^1.3.3" args=["bower@^1.3.3",null]
51 verbose parsed url { protocol: null,
51 verbose parsed url   slashes: null,
51 verbose parsed url   auth: null,
51 verbose parsed url   host: null,
51 verbose parsed url   port: null,
51 verbose parsed url   hostname: null,
51 verbose parsed url   hash: null,
51 verbose parsed url   search: null,
51 verbose parsed url   query: null,
51 verbose parsed url   pathname: 'bower@^1.3.3',
51 verbose parsed url   path: 'bower@^1.3.3',
51 verbose parsed url   href: 'bower@^1.3.3' }
52 verbose cache add [ 'gulp-util@^2.2.14', null ]
53 verbose cache add name=undefined spec="gulp-util@^2.2.14" args=["gulp-util@^2.2.14",null]
54 verbose parsed url { protocol: null,
54 verbose parsed url   slashes: null,
54 verbose parsed url   auth: null,
54 verbose parsed url   host: null,
54 verbose parsed url   port: null,
54 verbose parsed url   hostname: null,
54 verbose parsed url   hash: null,
54 verbose parsed url   search: null,
54 verbose parsed url   query: null,
54 verbose parsed url   pathname: 'gulp-util@^2.2.14',
54 verbose parsed url   path: 'gulp-util@^2.2.14',
54 verbose parsed url   href: 'gulp-util@^2.2.14' }
55 verbose cache add [ 'shelljs@^0.3.0', null ]
56 verbose cache add name=undefined spec="shelljs@^0.3.0" args=["shelljs@^0.3.0",null]
57 verbose parsed url { protocol: null,
57 verbose parsed url   slashes: null,
57 verbose parsed url   auth: null,
57 verbose parsed url   host: null,
57 verbose parsed url   port: null,
57 verbose parsed url   hostname: null,
57 verbose parsed url   hash: null,
57 verbose parsed url   search: null,
57 verbose parsed url   query: null,
57 verbose parsed url   pathname: 'shelljs@^0.3.0',
57 verbose parsed url   path: 'shelljs@^0.3.0',
57 verbose parsed url   href: 'shelljs@^0.3.0' }
58 verbose cache add name="gulp-rename" spec="^1.2.0" args=["gulp-rename","^1.2.0"]
59 verbose parsed url { protocol: null,
59 verbose parsed url   slashes: null,
59 verbose parsed url   auth: null,
59 verbose parsed url   host: null,
59 verbose parsed url   port: null,
59 verbose parsed url   hostname: null,
59 verbose parsed url   hash: null,
59 verbose parsed url   search: null,
59 verbose parsed url   query: null,
59 verbose parsed url   pathname: '^1.2.0',
59 verbose parsed url   path: '^1.2.0',
59 verbose parsed url   href: '^1.2.0' }
60 verbose addNamed [ 'gulp-rename', '^1.2.0' ]
61 verbose addNamed [ null, '>=1.2.0-0 <2.0.0-0' ]
62 silly lockFile 31cef36d-gulp-rename-1-2-0 gulp-rename@^1.2.0
63 verbose lock gulp-rename@^1.2.0 /Volumes/Gravity/Users/Aaron/.npm/31cef36d-gulp-rename-1-2-0.lock
64 verbose cache add name="bower" spec="^1.3.3" args=["bower","^1.3.3"]
65 verbose parsed url { protocol: null,
65 verbose parsed url   slashes: null,
65 verbose parsed url   auth: null,
65 verbose parsed url   host: null,
65 verbose parsed url   port: null,
65 verbose parsed url   hostname: null,
65 verbose parsed url   hash: null,
65 verbose parsed url   search: null,
65 verbose parsed url   query: null,
65 verbose parsed url   pathname: '^1.3.3',
65 verbose parsed url   path: '^1.3.3',
65 verbose parsed url   href: '^1.3.3' }
66 verbose addNamed [ 'bower', '^1.3.3' ]
67 verbose addNamed [ null, '>=1.3.3-0 <2.0.0-0' ]
68 silly lockFile 0aa5c27e-bower-1-3-3 bower@^1.3.3
69 verbose lock bower@^1.3.3 /Volumes/Gravity/Users/Aaron/.npm/0aa5c27e-bower-1-3-3.lock
70 verbose cache add name="gulp-util" spec="^2.2.14" args=["gulp-util","^2.2.14"]
71 verbose parsed url { protocol: null,
71 verbose parsed url   slashes: null,
71 verbose parsed url   auth: null,
71 verbose parsed url   host: null,
71 verbose parsed url   port: null,
71 verbose parsed url   hostname: null,
71 verbose parsed url   hash: null,
71 verbose parsed url   search: null,
71 verbose parsed url   query: null,
71 verbose parsed url   pathname: '^2.2.14',
71 verbose parsed url   path: '^2.2.14',
71 verbose parsed url   href: '^2.2.14' }
72 verbose addNamed [ 'gulp-util', '^2.2.14' ]
73 verbose addNamed [ null, '>=2.2.14-0 <3.0.0-0' ]
74 silly lockFile e3e5f16b-gulp-util-2-2-14 gulp-util@^2.2.14
75 verbose lock gulp-util@^2.2.14 /Volumes/Gravity/Users/Aaron/.npm/e3e5f16b-gulp-util-2-2-14.lock
76 verbose cache add name="shelljs" spec="^0.3.0" args=["shelljs","^0.3.0"]
77 verbose parsed url { protocol: null,
77 verbose parsed url   slashes: null,
77 verbose parsed url   auth: null,
77 verbose parsed url   host: null,
77 verbose parsed url   port: null,
77 verbose parsed url   hostname: null,
77 verbose parsed url   hash: null,
77 verbose parsed url   search: null,
77 verbose parsed url   query: null,
77 verbose parsed url   pathname: '^0.3.0',
77 verbose parsed url   path: '^0.3.0',
77 verbose parsed url   href: '^0.3.0' }
78 verbose addNamed [ 'shelljs', '^0.3.0' ]
79 verbose addNamed [ null, '>=0.3.0-0 <0.4.0-0' ]
80 silly lockFile 1ddaa962-shelljs-0-3-0 shelljs@^0.3.0
81 verbose lock shelljs@^0.3.0 /Volumes/Gravity/Users/Aaron/.npm/1ddaa962-shelljs-0-3-0.lock
82 silly addNameRange { name: 'gulp', range: '>=3.5.6-0 <4.0.0-0', hasData: false }
83 silly addNameRange { name: 'gulp-sass',
83 silly addNameRange   range: '>=1.3.3-0 <2.0.0-0',
83 silly addNameRange   hasData: false }
84 silly addNameRange { name: 'gulp-concat',
84 silly addNameRange   range: '>=2.2.0-0 <3.0.0-0',
84 silly addNameRange   hasData: false }
85 silly addNameRange { name: 'gulp-minify-css',
85 silly addNameRange   range: '>=0.3.0-0 <0.4.0-0',
85 silly addNameRange   hasData: false }
86 silly addNameRange { name: 'gulp-rename',
86 silly addNameRange   range: '>=1.2.0-0 <2.0.0-0',
86 silly addNameRange   hasData: false }
87 verbose request where is /gulp
88 verbose request registry https://registry.npmjs.org/
89 verbose request id 5533c006b5216b66
90 verbose url raw /gulp
91 verbose url resolving [ 'https://registry.npmjs.org/', './gulp' ]
92 verbose url resolved https://registry.npmjs.org/gulp
93 verbose request where is https://registry.npmjs.org/gulp
94 info trying registry request attempt 1 at 23:41:42
95 http GET https://registry.npmjs.org/gulp
96 verbose request where is /gulp-sass
97 verbose request registry https://registry.npmjs.org/
98 verbose url raw /gulp-sass
99 verbose url resolving [ 'https://registry.npmjs.org/', './gulp-sass' ]
100 verbose url resolved https://registry.npmjs.org/gulp-sass
101 verbose request where is https://registry.npmjs.org/gulp-sass
102 info trying registry request attempt 1 at 23:41:42
103 http GET https://registry.npmjs.org/gulp-sass
104 verbose request where is /gulp-concat
105 verbose request registry https://registry.npmjs.org/
106 verbose url raw /gulp-concat
107 verbose url resolving [ 'https://registry.npmjs.org/', './gulp-concat' ]
108 verbose url resolved https://registry.npmjs.org/gulp-concat
109 verbose request where is https://registry.npmjs.org/gulp-concat
110 info trying registry request attempt 1 at 23:41:42
111 http GET https://registry.npmjs.org/gulp-concat
112 silly addNameRange { name: 'bower', range: '>=1.3.3-0 <2.0.0-0', hasData: false }
113 verbose request where is /gulp-minify-css
114 verbose request registry https://registry.npmjs.org/
115 verbose url raw /gulp-minify-css
116 verbose url resolving [ 'https://registry.npmjs.org/', './gulp-minify-css' ]
117 verbose url resolved https://registry.npmjs.org/gulp-minify-css
118 verbose request where is https://registry.npmjs.org/gulp-minify-css
119 info trying registry request attempt 1 at 23:41:42
120 http GET https://registry.npmjs.org/gulp-minify-css
121 silly addNameRange { name: 'gulp-util',
121 silly addNameRange   range: '>=2.2.14-0 <3.0.0-0',
121 silly addNameRange   hasData: false }
122 silly addNameRange { name: 'shelljs', range: '>=0.3.0-0 <0.4.0-0', hasData: false }
123 verbose request where is /gulp-rename
124 verbose request registry https://registry.npmjs.org/
125 verbose url raw /gulp-rename
126 verbose url resolving [ 'https://registry.npmjs.org/', './gulp-rename' ]
127 verbose url resolved https://registry.npmjs.org/gulp-rename
128 verbose request where is https://registry.npmjs.org/gulp-rename
129 info trying registry request attempt 1 at 23:41:42
130 http GET https://registry.npmjs.org/gulp-rename
131 verbose request where is /bower
132 verbose request registry https://registry.npmjs.org/
133 verbose url raw /bower
134 verbose url resolving [ 'https://registry.npmjs.org/', './bower' ]
135 verbose url resolved https://registry.npmjs.org/bower
136 verbose request where is https://registry.npmjs.org/bower
137 info trying registry request attempt 1 at 23:41:42
138 http GET https://registry.npmjs.org/bower
139 verbose request where is /gulp-util
140 verbose request registry https://registry.npmjs.org/
141 verbose url raw /gulp-util
142 verbose url resolving [ 'https://registry.npmjs.org/', './gulp-util' ]
143 verbose url resolved https://registry.npmjs.org/gulp-util
144 verbose request where is https://registry.npmjs.org/gulp-util
145 info trying registry request attempt 1 at 23:41:42
146 http GET https://registry.npmjs.org/gulp-util
147 verbose request where is /shelljs
148 verbose request registry https://registry.npmjs.org/
149 verbose url raw /shelljs
150 verbose url resolving [ 'https://registry.npmjs.org/', './shelljs' ]
151 verbose url resolved https://registry.npmjs.org/shelljs
152 verbose request where is https://registry.npmjs.org/shelljs
153 info trying registry request attempt 1 at 23:41:42
154 verbose etag "2FHKL7WZEJD7D1XJJ26XEHV2N"
155 http GET https://registry.npmjs.org/shelljs
156 http 200 https://registry.npmjs.org/gulp-rename
157 silly registry.get cb [ 200,
157 silly registry.get   { date: 'Tue, 24 Mar 2015 23:41:42 GMT',
157 silly registry.get     server: 'CouchDB/1.5.0 (Erlang OTP/R16B03)',
157 silly registry.get     etag: '"9GR9M248RA7YU8WRUY5ME38HJ"',
157 silly registry.get     'content-type': 'application/json',
157 silly registry.get     'cache-control': 'max-age=60',
157 silly registry.get     'content-length': '10129',
157 silly registry.get     'accept-ranges': 'bytes',
157 silly registry.get     via: '1.1 varnish',
157 silly registry.get     age: '44',
157 silly registry.get     'x-served-by': 'cache-ams4136-AMS',
157 silly registry.get     'x-cache': 'HIT',
157 silly registry.get     'x-cache-hits': '1',
157 silly registry.get     'x-timer': 'S1427240502.400926,VS0,VE0',
157 silly registry.get     vary: 'Accept',
157 silly registry.get     'keep-alive': 'timeout=10, max=50',
157 silly registry.get     connection: 'Keep-Alive' } ]
158 silly addNameRange number 2 { name: 'gulp-rename',
158 silly addNameRange   range: '>=1.2.0-0 <2.0.0-0',
158 silly addNameRange   hasData: true }
159 silly addNameRange versions [ 'gulp-rename',
159 silly addNameRange   [ '0.1.0', '0.2.1', '0.2.2', '1.0.0', '1.1.0', '1.2.0' ] ]
160 verbose addNamed [ 'gulp-rename', '1.2.0' ]
161 verbose addNamed [ '1.2.0', '1.2.0' ]
162 silly lockFile 5981c611-gulp-rename-1-2-0 gulp-rename@1.2.0
163 verbose lock gulp-rename@1.2.0 /Volumes/Gravity/Users/Aaron/.npm/5981c611-gulp-rename-1-2-0.lock
164 silly lockFile b4be9a05-ulp-rename-gulp-rename-1-2-0-tgz https://registry.npmjs.org/gulp-rename/-/gulp-rename-1.2.0.tgz
165 verbose lock https://registry.npmjs.org/gulp-rename/-/gulp-rename-1.2.0.tgz /Volumes/Gravity/Users/Aaron/.npm/b4be9a05-ulp-rename-gulp-rename-1-2-0-tgz.lock
166 verbose addRemoteTarball [ 'https://registry.npmjs.org/gulp-rename/-/gulp-rename-1.2.0.tgz',
166 verbose addRemoteTarball   '060394a09b085cf5d46fc48acdc5657f8fee9e4e' ]
167 info retry fetch attempt 1 at 23:41:42
168 verbose fetch to= /var/folders/7n/lyx3tzdd3f9g60w6sfkk6cy80000gn/T/npm-51644-Yk0aZkP7/registry.npmjs.org/gulp-rename/-/gulp-rename-1.2.0.tgz
169 http GET https://registry.npmjs.org/gulp-rename/-/gulp-rename-1.2.0.tgz
170 http 200 https://registry.npmjs.org/gulp-concat
171 silly registry.get cb [ 200,
171 silly registry.get   { date: 'Tue, 24 Mar 2015 23:41:42 GMT',
171 silly registry.get     server: 'CouchDB/1.5.0 (Erlang OTP/R16B03)',
171 silly registry.get     etag: '"63XYKKXKCJM40ED3C0JFX46TS"',
171 silly registry.get     'content-type': 'application/json',
171 silly registry.get     'cache-control': 'max-age=60',
171 silly registry.get     'content-length': '34701',
171 silly registry.get     'accept-ranges': 'bytes',
171 silly registry.get     via: '1.1 varnish',
171 silly registry.get     age: '28',
171 silly registry.get     'x-served-by': 'cache-ams4120-AMS',
171 silly registry.get     'x-cache': 'HIT',
171 silly registry.get     'x-cache-hits': '1',
171 silly registry.get     'x-timer': 'S1427240502.391628,VS0,VE0',
171 silly registry.get     vary: 'Accept',
171 silly registry.get     'keep-alive': 'timeout=10, max=50',
171 silly registry.get     connection: 'Keep-Alive' } ]
172 http 200 https://registry.npmjs.org/gulp-sass
173 silly registry.get cb [ 200,
173 silly registry.get   { date: 'Tue, 24 Mar 2015 23:41:42 GMT',
173 silly registry.get     server: 'CouchDB/1.5.0 (Erlang OTP/R16B03)',
173 silly registry.get     etag: '"2MU1L1KSPY54CLUY60PNH9I1P"',
173 silly registry.get     'content-type': 'application/json',
173 silly registry.get     'cache-control': 'max-age=60',
173 silly registry.get     'content-length': '31897',
173 silly registry.get     'accept-ranges': 'bytes',
173 silly registry.get     via: '1.1 varnish',
173 silly registry.get     age: '28',
173 silly registry.get     'x-served-by': 'cache-ams4139-AMS',
173 silly registry.get     'x-cache': 'HIT',
173 silly registry.get     'x-cache-hits': '1',
173 silly registry.get     'x-timer': 'S1427240502.396920,VS0,VE0',
173 silly registry.get     vary: 'Accept',
173 silly registry.get     'keep-alive': 'timeout=10, max=50',
173 silly registry.get     connection: 'Keep-Alive' } ]
174 http 200 https://registry.npmjs.org/gulp-minify-css
175 silly registry.get cb [ 200,
175 silly registry.get   { date: 'Tue, 24 Mar 2015 23:41:42 GMT',
175 silly registry.get     server: 'CouchDB/1.5.0 (Erlang OTP/R16B03)',
175 silly registry.get     etag: '"99X6394NN32K0OFN360WS3FEY"',
175 silly registry.get     'content-type': 'application/json',
175 silly registry.get     'cache-control': 'max-age=60',
175 silly registry.get     'content-length': '42103',
175 silly registry.get     'accept-ranges': 'bytes',
175 silly registry.get     via: '1.1 varnish',
175 silly registry.get     age: '44',
175 silly registry.get     'x-served-by': 'cache-ams4136-AMS',
175 silly registry.get     'x-cache': 'HIT',
175 silly registry.get     'x-cache-hits': '1',
175 silly registry.get     'x-timer': 'S1427240502.397607,VS0,VE0',
175 silly registry.get     vary: 'Accept',
175 silly registry.get     'keep-alive': 'timeout=10, max=50',
175 silly registry.get     connection: 'Keep-Alive' } ]
176 silly addNameRange number 2 { name: 'gulp-concat',
176 silly addNameRange   range: '>=2.2.0-0 <3.0.0-0',
176 silly addNameRange   hasData: true }
177 silly addNameRange versions [ 'gulp-concat',
177 silly addNameRange   [ '0.0.1',
177 silly addNameRange     '1.0.0',
177 silly addNameRange     '1.1.0',
177 silly addNameRange     '2.0.0',
177 silly addNameRange     '2.1.0',
177 silly addNameRange     '2.1.1',
177 silly addNameRange     '2.1.2',
177 silly addNameRange     '2.1.3',
177 silly addNameRange     '2.1.4',
177 silly addNameRange     '2.1.5',
177 silly addNameRange     '2.1.6',
177 silly addNameRange     '2.1.7',
177 silly addNameRange     '2.2.0',
177 silly addNameRange     '2.3.0',
177 silly addNameRange     '2.3.3',
177 silly addNameRange     '2.3.4',
177 silly addNameRange     '2.3.5',
177 silly addNameRange     '2.4.0',
177 silly addNameRange     '2.4.1',
177 silly addNameRange     '2.4.2',
177 silly addNameRange     '2.4.3',
177 silly addNameRange     '2.5.0',
177 silly addNameRange     '2.5.1',
177 silly addNameRange     '2.5.2' ] ]
178 verbose addNamed [ 'gulp-concat', '2.5.2' ]
179 verbose addNamed [ '2.5.2', '2.5.2' ]
180 silly lockFile f86cbda2-gulp-concat-2-5-2 gulp-concat@2.5.2
181 verbose lock gulp-concat@2.5.2 /Volumes/Gravity/Users/Aaron/.npm/f86cbda2-gulp-concat-2-5-2.lock
182 silly addNameRange number 2 { name: 'gulp-sass', range: '>=1.3.3-0 <2.0.0-0', hasData: true }
183 silly addNameRange versions [ 'gulp-sass',
183 silly addNameRange   [ '0.1.0',
183 silly addNameRange     '0.2.1',
183 silly addNameRange     '0.2.2',
183 silly addNameRange     '0.2.3',
183 silly addNameRange     '0.3.0',
183 silly addNameRange     '0.4.0',
183 silly addNameRange     '0.4.1',
183 silly addNameRange     '0.5.0',
183 silly addNameRange     '0.5.1',
183 silly addNameRange     '0.5.2',
183 silly addNameRange     '0.6.0',
183 silly addNameRange     '0.7.0',
183 silly addNameRange     '0.7.1',
183 silly addNameRange     '0.7.2',
183 silly addNameRange     '0.7.3',
183 silly addNameRange     '1.0.0',
183 silly addNameRange     '1.1.0',
183 silly addNameRange     '1.2.0',
183 silly addNameRange     '1.2.1',
183 silly addNameRange     '1.2.2',
183 silly addNameRange     '1.2.3',
183 silly addNameRange     '1.2.4',
183 silly addNameRange     '1.3.0',
183 silly addNameRange     '1.3.1',
183 silly addNameRange     '1.3.2',
183 silly addNameRange     '1.3.3' ] ]
184 verbose addNamed [ 'gulp-sass', '1.3.3' ]
185 verbose addNamed [ '1.3.3', '1.3.3' ]
186 silly lockFile bd3023a4-gulp-sass-1-3-3 gulp-sass@1.3.3
187 verbose lock gulp-sass@1.3.3 /Volumes/Gravity/Users/Aaron/.npm/bd3023a4-gulp-sass-1-3-3.lock
188 silly addNameRange number 2 { name: 'gulp-minify-css',
188 silly addNameRange   range: '>=0.3.0-0 <0.4.0-0',
188 silly addNameRange   hasData: true }
189 silly addNameRange versions [ 'gulp-minify-css',
189 silly addNameRange   [ '0.0.1',
189 silly addNameRange     '0.1.0',
189 silly addNameRange     '0.2.0',
189 silly addNameRange     '0.3.0',
189 silly addNameRange     '0.3.1',
189 silly addNameRange     '0.3.2',
189 silly addNameRange     '0.3.3',
189 silly addNameRange     '0.3.4',
189 silly addNameRange     '0.3.5',
189 silly addNameRange     '0.3.6',
189 silly addNameRange     '0.3.7',
189 silly addNameRange     '0.3.8',
189 silly addNameRange     '0.3.9',
189 silly addNameRange     '0.3.10',
189 silly addNameRange     '0.3.11',
189 silly addNameRange     '0.3.12',
189 silly addNameRange     '0.3.13',
189 silly addNameRange     '0.4.0',
189 silly addNameRange     '0.4.1',
189 silly addNameRange     '0.4.2',
189 silly addNameRange     '0.4.3',
189 silly addNameRange     '0.4.4',
189 silly addNameRange     '0.4.5',
189 silly addNameRange     '0.4.6',
189 silly addNameRange     '0.5.0',
189 silly addNameRange     '0.5.1',
189 silly addNameRange     '1.0.0' ] ]
190 verbose addNamed [ 'gulp-minify-css', '0.3.13' ]
191 verbose addNamed [ '0.3.13', '0.3.13' ]
192 silly lockFile 9038a954-gulp-minify-css-0-3-13 gulp-minify-css@0.3.13
193 verbose lock gulp-minify-css@0.3.13 /Volumes/Gravity/Users/Aaron/.npm/9038a954-gulp-minify-css-0-3-13.lock
194 silly lockFile 2b63d021-ulp-concat-gulp-concat-2-5-2-tgz https://registry.npmjs.org/gulp-concat/-/gulp-concat-2.5.2.tgz
195 verbose lock https://registry.npmjs.org/gulp-concat/-/gulp-concat-2.5.2.tgz /Volumes/Gravity/Users/Aaron/.npm/2b63d021-ulp-concat-gulp-concat-2-5-2-tgz.lock
196 http 304 https://registry.npmjs.org/shelljs
197 silly registry.get cb [ 304,
197 silly registry.get   { date: 'Tue, 24 Mar 2015 23:41:42 GMT',
197 silly registry.get     server: 'Apache',
197 silly registry.get     via: '1.1 varnish',
197 silly registry.get     'last-modified': 'Tue, 24 Mar 2015 23:41:33 GMT',
197 silly registry.get     'cache-control': 'max-age=60',
197 silly registry.get     etag: '"2FHKL7WZEJD7D1XJJ26XEHV2N"',
197 silly registry.get     age: '9',
197 silly registry.get     'x-served-by': 'cache-ams4139-AMS',
197 silly registry.get     'x-cache': 'HIT',
197 silly registry.get     'x-cache-hits': '2',
197 silly registry.get     'x-timer': 'S1427240502.485147,VS0,VE0',
197 silly registry.get     vary: 'Accept',
197 silly registry.get     'content-length': '0',
197 silly registry.get     'keep-alive': 'timeout=10, max=49',
197 silly registry.get     connection: 'Keep-Alive' } ]
198 verbose etag https://registry.npmjs.org/shelljs from cache
199 silly lockFile 9876ba90-rg-gulp-sass-gulp-sass-1-3-3-tgz https://registry.npmjs.org/gulp-sass/-/gulp-sass-1.3.3.tgz
200 verbose lock https://registry.npmjs.org/gulp-sass/-/gulp-sass-1.3.3.tgz /Volumes/Gravity/Users/Aaron/.npm/9876ba90-rg-gulp-sass-gulp-sass-1-3-3-tgz.lock
201 verbose addRemoteTarball [ 'https://registry.npmjs.org/gulp-concat/-/gulp-concat-2.5.2.tgz',
201 verbose addRemoteTarball   'd644372cdc2b3cdb421a8a941c8d74e21d815f14' ]
202 silly lockFile 8781e9f5-y-css-gulp-minify-css-0-3-13-tgz https://registry.npmjs.org/gulp-minify-css/-/gulp-minify-css-0.3.13.tgz
203 verbose lock https://registry.npmjs.org/gulp-minify-css/-/gulp-minify-css-0.3.13.tgz /Volumes/Gravity/Users/Aaron/.npm/8781e9f5-y-css-gulp-minify-css-0-3-13-tgz.lock
204 verbose addRemoteTarball [ 'https://registry.npmjs.org/gulp-sass/-/gulp-sass-1.3.3.tgz',
204 verbose addRemoteTarball   '66da87646bbfd299988c8ebbe94cefaff50e5662' ]
205 verbose addRemoteTarball [ 'https://registry.npmjs.org/gulp-minify-css/-/gulp-minify-css-0.3.13.tgz',
205 verbose addRemoteTarball   'ba813c665422868305383ccd185f239c1e35209b' ]
206 info retry fetch attempt 1 at 23:41:42
207 verbose fetch to= /var/folders/7n/lyx3tzdd3f9g60w6sfkk6cy80000gn/T/npm-51644-Yk0aZkP7/registry.npmjs.org/gulp-concat/-/gulp-concat-2.5.2.tgz
208 info retry fetch attempt 1 at 23:41:42
209 verbose fetch to= /var/folders/7n/lyx3tzdd3f9g60w6sfkk6cy80000gn/T/npm-51644-Yk0aZkP7/registry.npmjs.org/gulp-sass/-/gulp-sass-1.3.3.tgz
210 http GET https://registry.npmjs.org/gulp-concat/-/gulp-concat-2.5.2.tgz
211 silly addNameRange number 2 { name: 'shelljs', range: '>=0.3.0-0 <0.4.0-0', hasData: true }
212 silly addNameRange versions [ 'shelljs',
212 silly addNameRange   [ '0.0.1',
212 silly addNameRange     '0.0.2',
212 silly addNameRange     '0.0.3',
212 silly addNameRange     '0.0.4',
212 silly addNameRange     '0.0.5',
212 silly addNameRange     '0.0.6',
212 silly addNameRange     '0.0.7',
212 silly addNameRange     '0.0.8',
212 silly addNameRange     '0.0.9',
212 silly addNameRange     '0.1.0',
212 silly addNameRange     '0.1.1',
212 silly addNameRange     '0.1.2',
212 silly addNameRange     '0.1.3',
212 silly addNameRange     '0.1.4',
212 silly addNameRange     '0.2.0',
212 silly addNameRange     '0.2.1',
212 silly addNameRange     '0.2.2',
212 silly addNameRange     '0.2.3',
212 silly addNameRange     '0.2.4',
212 silly addNameRange     '0.2.5',
212 silly addNameRange     '0.2.6',
212 silly addNameRange     '0.3.0',
212 silly addNameRange     '0.4.0',
212 silly addNameRange     '0.0.1-alpha1',
212 silly addNameRange     '0.0.2-pre1',
212 silly addNameRange     '0.0.4-pre1',
212 silly addNameRange     '0.0.5-pre1',
212 silly addNameRange     '0.0.5-pre2',
212 silly addNameRange     '0.0.5-pre3',
212 silly addNameRange     '0.0.5-pre4',
212 silly addNameRange     '0.0.6-pre1',
212 silly addNameRange     '0.0.6-pre2' ] ]
213 verbose addNamed [ 'shelljs', '0.3.0' ]
214 verbose addNamed [ '0.3.0', '0.3.0' ]
215 silly lockFile 7d3918b1-shelljs-0-3-0 shelljs@0.3.0
216 verbose lock shelljs@0.3.0 /Volumes/Gravity/Users/Aaron/.npm/7d3918b1-shelljs-0-3-0.lock
217 info retry fetch attempt 1 at 23:41:42
218 verbose fetch to= /var/folders/7n/lyx3tzdd3f9g60w6sfkk6cy80000gn/T/npm-51644-Yk0aZkP7/registry.npmjs.org/gulp-minify-css/-/gulp-minify-css-0.3.13.tgz
219 http GET https://registry.npmjs.org/gulp-sass/-/gulp-sass-1.3.3.tgz
220 http GET https://registry.npmjs.org/gulp-minify-css/-/gulp-minify-css-0.3.13.tgz
221 silly lockFile 7d3918b1-shelljs-0-3-0 shelljs@0.3.0
222 silly lockFile 7d3918b1-shelljs-0-3-0 shelljs@0.3.0
223 silly lockFile 1ddaa962-shelljs-0-3-0 shelljs@^0.3.0
224 silly lockFile 1ddaa962-shelljs-0-3-0 shelljs@^0.3.0
225 http 200 https://registry.npmjs.org/gulp
226 silly registry.get cb [ 200,
226 silly registry.get   { date: 'Tue, 24 Mar 2015 23:41:42 GMT',
226 silly registry.get     server: 'CouchDB/1.5.0 (Erlang OTP/R16B03)',
226 silly registry.get     etag: '"EOG27RKKZCYLRPDJ9PVQGKSEA"',
226 silly registry.get     'content-type': 'application/json',
226 silly registry.get     'cache-control': 'max-age=60',
226 silly registry.get     'content-length': '100277',
226 silly registry.get     'accept-ranges': 'bytes',
226 silly registry.get     via: '1.1 varnish',
226 silly registry.get     age: '46',
226 silly registry.get     'x-served-by': 'cache-ams4125-AMS',
226 silly registry.get     'x-cache': 'HIT',
226 silly registry.get     'x-cache-hits': '1',
226 silly registry.get     'x-timer': 'S1427240502.413039,VS0,VE0',
226 silly registry.get     vary: 'Accept',
226 silly registry.get     'keep-alive': 'timeout=10, max=50',
226 silly registry.get     connection: 'Keep-Alive' } ]
227 http 200 https://registry.npmjs.org/gulp-util
228 silly registry.get cb [ 200,
228 silly registry.get   { date: 'Tue, 24 Mar 2015 23:41:42 GMT',
228 silly registry.get     server: 'CouchDB/1.5.0 (Erlang OTP/R16B03)',
228 silly registry.get     etag: '"5INDY4U0Y32V3Y7SYUKNT1GUZ"',
228 silly registry.get     'content-type': 'application/json',
228 silly registry.get     'cache-control': 'max-age=60',
228 silly registry.get     'content-length': '55119',
228 silly registry.get     'accept-ranges': 'bytes',
228 silly registry.get     via: '1.1 varnish',
228 silly registry.get     age: '44',
228 silly registry.get     'x-served-by': 'cache-ams4120-AMS',
228 silly registry.get     'x-cache': 'HIT',
228 silly registry.get     'x-cache-hits': '1',
228 silly registry.get     'x-timer': 'S1427240502.480965,VS0,VE0',
228 silly registry.get     vary: 'Accept',
228 silly registry.get     'keep-alive': 'timeout=10, max=49',
228 silly registry.get     connection: 'Keep-Alive' } ]
229 silly addNameRange number 2 { name: 'gulp-util',
229 silly addNameRange   range: '>=2.2.14-0 <3.0.0-0',
229 silly addNameRange   hasData: true }
230 silly addNameRange versions [ 'gulp-util',
230 silly addNameRange   [ '0.0.1',
230 silly addNameRange     '1.0.0',
230 silly addNameRange     '1.1.0',
230 silly addNameRange     '1.1.1',
230 silly addNameRange     '1.2.0',
230 silly addNameRange     '1.3.0',
230 silly addNameRange     '2.0.0',
230 silly addNameRange     '2.1.1',
230 silly addNameRange     '2.1.2',
230 silly addNameRange     '2.1.3',
230 silly addNameRange     '2.1.4',
230 silly addNameRange     '2.2.0',
230 silly addNameRange     '2.2.1',
230 silly addNameRange     '2.2.2',
230 silly addNameRange     '2.2.3',
230 silly addNameRange     '2.2.5',
230 silly addNameRange     '2.2.6',
230 silly addNameRange     '2.2.7',
230 silly addNameRange     '2.2.8',
230 silly addNameRange     '2.2.9',
230 silly addNameRange     '2.2.10',
230 silly addNameRange     '2.2.11',
230 silly addNameRange     '2.2.12',
230 silly addNameRange     '2.2.13',
230 silly addNameRange     '2.2.14',
230 silly addNameRange     '2.2.15',
230 silly addNameRange     '2.2.16',
230 silly addNameRange     '2.2.17',
230 silly addNameRange     '2.2.18',
230 silly addNameRange     '2.2.19',
230 silly addNameRange     '2.2.20',
230 silly addNameRange     '3.0.0',
230 silly addNameRange     '3.0.1',
230 silly addNameRange     '3.0.2',
230 silly addNameRange     '3.0.3',
230 silly addNameRange     '3.0.4' ] ]
231 verbose addNamed [ 'gulp-util', '2.2.20' ]
232 verbose addNamed [ '2.2.20', '2.2.20' ]
233 silly lockFile 48c194cb-gulp-util-2-2-20 gulp-util@2.2.20
234 verbose lock gulp-util@2.2.20 /Volumes/Gravity/Users/Aaron/.npm/48c194cb-gulp-util-2-2-20.lock
235 silly addNameRange number 2 { name: 'gulp', range: '>=3.5.6-0 <4.0.0-0', hasData: true }
236 silly addNameRange versions [ 'gulp',
236 silly addNameRange   [ '0.0.1',
236 silly addNameRange     '0.0.2',
236 silly addNameRange     '0.0.3',
236 silly addNameRange     '0.0.4',
236 silly addNameRange     '0.0.5',
236 silly addNameRange     '0.0.7',
236 silly addNameRange     '0.0.8',
236 silly addNameRange     '0.0.9',
236 silly addNameRange     '0.1.0',
236 silly addNameRange     '0.2.0',
236 silly addNameRange     '1.0.0',
236 silly addNameRange     '1.1.0',
236 silly addNameRange     '1.2.0',
236 silly addNameRange     '1.2.1',
236 silly addNameRange     '2.0.0',
236 silly addNameRange     '2.0.1',
236 silly addNameRange     '2.1.0',
236 silly addNameRange     '2.2.0',
236 silly addNameRange     '2.3.0',
236 silly addNameRange     '2.4.0',
236 silly addNameRange     '2.4.1',
236 silly addNameRange     '2.6.0',
236 silly addNameRange     '2.6.1',
236 silly addNameRange     '2.7.0',
236 silly addNameRange     '3.0.0',
236 silly addNameRange     '3.1.1',
236 silly addNameRange     '3.1.2',
236 silly addNameRange     '3.1.3',
236 silly addNameRange     '3.1.4',
236 silly addNameRange     '3.2.0',
236 silly addNameRange     '3.2.1',
236 silly addNameRange     '3.2.2',
236 silly addNameRange     '3.2.3',
236 silly addNameRange     '3.2.4',
236 silly addNameRange     '3.2.5',
236 silly addNameRange     '3.3.0',
236 silly addNameRange     '3.3.1',
236 silly addNameRange     '3.3.2',
236 silly addNameRange     '3.3.4',
236 silly addNameRange     '3.4.0',
236 silly addNameRange     '3.5.0',
236 silly addNameRange     '3.5.1',
236 silly addNameRange     '3.5.2',
236 silly addNameRange     '3.5.5',
236 silly addNameRange     '3.5.6',
236 silly addNameRange     '3.6.0',
236 silly addNameRange     '3.6.1',
236 silly addNameRange     '3.6.2',
236 silly addNameRange     '3.7.0',
236 silly addNameRange     '3.8.0',
236 silly addNameRange     '3.8.1',
236 silly addNameRange     '3.8.2',
236 silly addNameRange     '3.8.3',
236 silly addNameRange     '3.8.4',
236 silly addNameRange     '3.8.5',
236 silly addNameRange     '3.8.6',
236 silly addNameRange     '3.8.7',
236 silly addNameRange     '3.8.8',
236 silly addNameRange     '3.8.9',
236 silly addNameRange     '3.8.10',
236 silly addNameRange     '3.8.11' ] ]
237 verbose addNamed [ 'gulp', '3.8.11' ]
238 verbose addNamed [ '3.8.11', '3.8.11' ]
239 silly lockFile 3d31ec08-gulp-3-8-11 gulp@3.8.11
240 verbose lock gulp@3.8.11 /Volumes/Gravity/Users/Aaron/.npm/3d31ec08-gulp-3-8-11.lock
241 silly lockFile 34166e88-g-gulp-util-gulp-util-2-2-20-tgz https://registry.npmjs.org/gulp-util/-/gulp-util-2.2.20.tgz
242 verbose lock https://registry.npmjs.org/gulp-util/-/gulp-util-2.2.20.tgz /Volumes/Gravity/Users/Aaron/.npm/34166e88-g-gulp-util-gulp-util-2-2-20-tgz.lock
243 silly lockFile 2528ddbe-y-npmjs-org-gulp-gulp-3-8-11-tgz https://registry.npmjs.org/gulp/-/gulp-3.8.11.tgz
244 verbose lock https://registry.npmjs.org/gulp/-/gulp-3.8.11.tgz /Volumes/Gravity/Users/Aaron/.npm/2528ddbe-y-npmjs-org-gulp-gulp-3-8-11-tgz.lock
245 verbose addRemoteTarball [ 'https://registry.npmjs.org/gulp-util/-/gulp-util-2.2.20.tgz',
245 verbose addRemoteTarball   'd7146e5728910bd8f047a6b0b1e549bc22dbd64c' ]
246 verbose addRemoteTarball [ 'https://registry.npmjs.org/gulp/-/gulp-3.8.11.tgz',
246 verbose addRemoteTarball   'd557e0a7283eb4136491969b0497767972f1d28a' ]
247 info retry fetch attempt 1 at 23:41:42
248 verbose fetch to= /var/folders/7n/lyx3tzdd3f9g60w6sfkk6cy80000gn/T/npm-51644-Yk0aZkP7/registry.npmjs.org/gulp-util/-/gulp-util-2.2.20.tgz
249 info retry fetch attempt 1 at 23:41:42
250 verbose fetch to= /var/folders/7n/lyx3tzdd3f9g60w6sfkk6cy80000gn/T/npm-51644-Yk0aZkP7/registry.npmjs.org/gulp/-/gulp-3.8.11.tgz
251 http GET https://registry.npmjs.org/gulp-util/-/gulp-util-2.2.20.tgz
252 http GET https://registry.npmjs.org/gulp/-/gulp-3.8.11.tgz
253 http 200 https://registry.npmjs.org/bower
254 silly registry.get cb [ 200,
254 silly registry.get   { date: 'Tue, 24 Mar 2015 23:41:42 GMT',
254 silly registry.get     server: 'CouchDB/1.5.0 (Erlang OTP/R16B03)',
254 silly registry.get     etag: '"EOESTMH7V9TE31IK9BZLMAO6Z"',
254 silly registry.get     'content-type': 'application/json',
254 silly registry.get     'cache-control': 'max-age=60',
254 silly registry.get     'content-length': '106235',
254 silly registry.get     'accept-ranges': 'bytes',
254 silly registry.get     via: '1.1 varnish',
254 silly registry.get     age: '46',
254 silly registry.get     'x-served-by': 'cache-ams4136-AMS',
254 silly registry.get     'x-cache': 'HIT',
254 silly registry.get     'x-cache-hits': '1',
254 silly registry.get     'x-timer': 'S1427240502.444446,VS0,VE0',
254 silly registry.get     vary: 'Accept',
254 silly registry.get     'keep-alive': 'timeout=10, max=49',
254 silly registry.get     connection: 'Keep-Alive' } ]
255 http 200 https://registry.npmjs.org/gulp-rename/-/gulp-rename-1.2.0.tgz
256 silly addNameRange number 2 { name: 'bower', range: '>=1.3.3-0 <2.0.0-0', hasData: true }
257 silly addNameRange versions [ 'bower',
257 silly addNameRange   [ '0.1.0',
257 silly addNameRange     '0.1.2',
257 silly addNameRange     '0.1.3',
257 silly addNameRange     '0.2.0',
257 silly addNameRange     '0.3.0',
257 silly addNameRange     '0.3.1',
257 silly addNameRange     '0.3.2',
257 silly addNameRange     '0.4.0',
257 silly addNameRange     '0.5.0',
257 silly addNameRange     '0.5.1',
257 silly addNameRange     '0.6.0',
257 silly addNameRange     '0.6.1',
257 silly addNameRange     '0.6.2',
257 silly addNameRange     '0.6.3',
257 silly addNameRange     '0.6.4',
257 silly addNameRange     '0.6.5',
257 silly addNameRange     '0.6.6',
257 silly addNameRange     '0.6.7',
257 silly addNameRange     '0.6.8',
257 silly addNameRange     '0.7.0',
257 silly addNameRange     '0.7.1',
257 silly addNameRange     '0.8.0',
257 silly addNameRange     '0.8.1',
257 silly addNameRange     '0.8.2',
257 silly addNameRange     '0.8.3',
257 silly addNameRange     '0.8.4',
257 silly addNameRange     '0.8.5',
257 silly addNameRange     '0.8.6',
257 silly addNameRange     '0.9.0',
257 silly addNameRange     '0.9.1',
257 silly addNameRange     '0.9.2',
257 silly addNameRange     '0.10.0',
257 silly addNameRange     '1.0.0',
257 silly addNameRange     '1.0.1',
257 silly addNameRange     '1.0.2',
257 silly addNameRange     '1.0.3',
257 silly addNameRange     '1.1.0',
257 silly addNameRange     '1.1.1',
257 silly addNameRange     '1.1.2',
257 silly addNameRange     '1.2.0',
257 silly addNameRange     '1.2.1',
257 silly addNameRange     '1.2.2',
257 silly addNameRange     '1.2.3',
257 silly addNameRange     '1.2.4',
257 silly addNameRange     '1.2.5',
257 silly addNameRange     '1.2.6',
257 silly addNameRange     '1.2.7',
257 silly addNameRange     '1.2.8',
257 silly addNameRange     '1.3.0',
257 silly addNameRange     '1.3.1',
257 silly addNameRange     '1.3.2',
257 silly addNameRange     '1.3.3',
257 silly addNameRange     '1.3.4',
257 silly addNameRange     '1.3.5',
257 silly addNameRange     '1.3.6',
257 silly addNameRange     '1.3.7',
257 silly addNameRange     '1.3.8',
257 silly addNameRange     '1.3.9',
257 silly addNameRange     '1.3.10',
257 silly addNameRange     '1.3.11',
257 silly addNameRange     '1.3.12' ] ]
258 verbose addNamed [ 'bower', '1.3.12' ]
259 verbose addNamed [ '1.3.12', '1.3.12' ]
260 silly lockFile 9819431c-bower-1-3-12 bower@1.3.12
261 verbose lock bower@1.3.12 /Volumes/Gravity/Users/Aaron/.npm/9819431c-bower-1-3-12.lock
262 silly lockFile b05fd70b-npmjs-org-bower-bower-1-3-12-tgz https://registry.npmjs.org/bower/-/bower-1.3.12.tgz
263 verbose lock https://registry.npmjs.org/bower/-/bower-1.3.12.tgz /Volumes/Gravity/Users/Aaron/.npm/b05fd70b-npmjs-org-bower-bower-1-3-12-tgz.lock
264 verbose addRemoteTarball [ 'https://registry.npmjs.org/bower/-/bower-1.3.12.tgz',
264 verbose addRemoteTarball   '37de0edb3904baf90aee13384a1a379a05ee214c' ]
265 info retry fetch attempt 1 at 23:41:42
266 verbose fetch to= /var/folders/7n/lyx3tzdd3f9g60w6sfkk6cy80000gn/T/npm-51644-Yk0aZkP7/registry.npmjs.org/bower/-/bower-1.3.12.tgz
267 http GET https://registry.npmjs.org/bower/-/bower-1.3.12.tgz
268 silly lockFile b4be9a05-ulp-rename-gulp-rename-1-2-0-tgz https://registry.npmjs.org/gulp-rename/-/gulp-rename-1.2.0.tgz
269 silly lockFile b4be9a05-ulp-rename-gulp-rename-1-2-0-tgz https://registry.npmjs.org/gulp-rename/-/gulp-rename-1.2.0.tgz
270 silly lockFile 5981c611-gulp-rename-1-2-0 gulp-rename@1.2.0
271 silly lockFile 5981c611-gulp-rename-1-2-0 gulp-rename@1.2.0
272 silly lockFile 31cef36d-gulp-rename-1-2-0 gulp-rename@^1.2.0
273 silly lockFile 31cef36d-gulp-rename-1-2-0 gulp-rename@^1.2.0
274 http 200 https://registry.npmjs.org/gulp/-/gulp-3.8.11.tgz
275 silly lockFile 2528ddbe-y-npmjs-org-gulp-gulp-3-8-11-tgz https://registry.npmjs.org/gulp/-/gulp-3.8.11.tgz
276 silly lockFile 2528ddbe-y-npmjs-org-gulp-gulp-3-8-11-tgz https://registry.npmjs.org/gulp/-/gulp-3.8.11.tgz
277 silly lockFile 3d31ec08-gulp-3-8-11 gulp@3.8.11
278 silly lockFile 3d31ec08-gulp-3-8-11 gulp@3.8.11
279 silly lockFile 28ac0b1b-gulp-3-5-6 gulp@^3.5.6
280 silly lockFile 28ac0b1b-gulp-3-5-6 gulp@^3.5.6
281 http 200 https://registry.npmjs.org/bower/-/bower-1.3.12.tgz
282 http 200 https://registry.npmjs.org/gulp-concat/-/gulp-concat-2.5.2.tgz
283 http 200 https://registry.npmjs.org/gulp-minify-css/-/gulp-minify-css-0.3.13.tgz
284 http 200 https://registry.npmjs.org/gulp-sass/-/gulp-sass-1.3.3.tgz
285 silly lockFile 2b63d021-ulp-concat-gulp-concat-2-5-2-tgz https://registry.npmjs.org/gulp-concat/-/gulp-concat-2.5.2.tgz
286 silly lockFile 2b63d021-ulp-concat-gulp-concat-2-5-2-tgz https://registry.npmjs.org/gulp-concat/-/gulp-concat-2.5.2.tgz
287 silly lockFile f86cbda2-gulp-concat-2-5-2 gulp-concat@2.5.2
288 silly lockFile f86cbda2-gulp-concat-2-5-2 gulp-concat@2.5.2
289 silly lockFile bade1119-gulp-concat-2-2-0 gulp-concat@^2.2.0
290 silly lockFile bade1119-gulp-concat-2-2-0 gulp-concat@^2.2.0
291 silly lockFile 8781e9f5-y-css-gulp-minify-css-0-3-13-tgz https://registry.npmjs.org/gulp-minify-css/-/gulp-minify-css-0.3.13.tgz
292 silly lockFile 8781e9f5-y-css-gulp-minify-css-0-3-13-tgz https://registry.npmjs.org/gulp-minify-css/-/gulp-minify-css-0.3.13.tgz
293 silly lockFile 9876ba90-rg-gulp-sass-gulp-sass-1-3-3-tgz https://registry.npmjs.org/gulp-sass/-/gulp-sass-1.3.3.tgz
294 silly lockFile 9876ba90-rg-gulp-sass-gulp-sass-1-3-3-tgz https://registry.npmjs.org/gulp-sass/-/gulp-sass-1.3.3.tgz
295 silly lockFile 9038a954-gulp-minify-css-0-3-13 gulp-minify-css@0.3.13
296 silly lockFile 9038a954-gulp-minify-css-0-3-13 gulp-minify-css@0.3.13
297 silly lockFile bd3023a4-gulp-sass-1-3-3 gulp-sass@1.3.3
298 silly lockFile bd3023a4-gulp-sass-1-3-3 gulp-sass@1.3.3
299 silly lockFile 97140670-gulp-minify-css-0-3-0 gulp-minify-css@^0.3.0
300 silly lockFile 97140670-gulp-minify-css-0-3-0 gulp-minify-css@^0.3.0
301 silly lockFile c5cae820-gulp-sass-1-3-3 gulp-sass@^1.3.3
302 silly lockFile c5cae820-gulp-sass-1-3-3 gulp-sass@^1.3.3
303 http 200 https://registry.npmjs.org/gulp-util/-/gulp-util-2.2.20.tgz
304 silly lockFile 34166e88-g-gulp-util-gulp-util-2-2-20-tgz https://registry.npmjs.org/gulp-util/-/gulp-util-2.2.20.tgz
305 silly lockFile 34166e88-g-gulp-util-gulp-util-2-2-20-tgz https://registry.npmjs.org/gulp-util/-/gulp-util-2.2.20.tgz
306 silly lockFile 48c194cb-gulp-util-2-2-20 gulp-util@2.2.20
307 silly lockFile 48c194cb-gulp-util-2-2-20 gulp-util@2.2.20
308 silly lockFile e3e5f16b-gulp-util-2-2-14 gulp-util@^2.2.14
309 silly lockFile e3e5f16b-gulp-util-2-2-14 gulp-util@^2.2.14
310 silly lockFile b05fd70b-npmjs-org-bower-bower-1-3-12-tgz https://registry.npmjs.org/bower/-/bower-1.3.12.tgz
311 silly lockFile b05fd70b-npmjs-org-bower-bower-1-3-12-tgz https://registry.npmjs.org/bower/-/bower-1.3.12.tgz
312 silly lockFile 9819431c-bower-1-3-12 bower@1.3.12
313 silly lockFile 9819431c-bower-1-3-12 bower@1.3.12
314 silly lockFile 0aa5c27e-bower-1-3-3 bower@^1.3.3
315 silly lockFile 0aa5c27e-bower-1-3-3 bower@^1.3.3
316 error Error: EACCES, mkdir '/Volumes/Gravity/Users/Aaron/.npm/gulp/3.8.11'
316 error  { [Error: EACCES, mkdir '/Volumes/Gravity/Users/Aaron/.npm/gulp/3.8.11']
316 error   errno: 3,
316 error   code: 'EACCES',
316 error   path: '/Volumes/Gravity/Users/Aaron/.npm/gulp/3.8.11',
316 error   parent: 'munchtech.tv' }
317 error Please try running this command again as root/Administrator.
318 error System Darwin 14.3.0
319 error command "node" "/usr/local/bin/npm" "install"
320 error cwd /Volumes/Gravity/Users/Aaron/Desktop/MunchTech.tv
321 error node -v v0.10.36
322 error npm -v 1.4.28
323 error path /Volumes/Gravity/Users/Aaron/.npm/gulp/3.8.11
324 error code EACCES
325 error errno 3
326 error stack Error: EACCES, mkdir '/Volumes/Gravity/Users/Aaron/.npm/gulp/3.8.11'
327 verbose exit [ 3, true ]
